<?xml version="1.0" encoding="UTF-8"?>
<testng-results skipped="0" failed="0" total="1" passed="1">
  <reporter-output>
  </reporter-output>
  <suite name="Default suite" duration-ms="88430" started-at="2020-04-14T05:09:42Z" finished-at="2020-04-14T05:11:11Z">
    <groups>
    </groups>
    <test name="Default test" duration-ms="88430" started-at="2020-04-14T05:09:42Z" finished-at="2020-04-14T05:11:11Z">
      <class name="com.training.sanity.tests.TC11">
        <test-method status="PASS" signature="setUpBeforeClass()[pri:0, instance:com.training.sanity.tests.TC11@ea4a92b]" name="setUpBeforeClass" is-config="true" duration-ms="40" started-at="2020-04-14T10:39:42Z" finished-at="2020-04-14T10:39:42Z">
          <reporter-output>
          </reporter-output>
        </test-method> <!-- setUpBeforeClass -->
        <test-method status="PASS" signature="setUp()[pri:0, instance:com.training.sanity.tests.TC11@ea4a92b]" name="setUp" is-config="true" duration-ms="36952" started-at="2020-04-14T10:39:42Z" finished-at="2020-04-14T10:40:19Z">
          <reporter-output>
          </reporter-output>
        </test-method> <!-- setUp -->
        <test-method status="PASS" signature="search()[pri:0, instance:com.training.sanity.tests.TC11@ea4a92b]" name="search" duration-ms="36191" started-at="2020-04-14T10:40:19Z" finished-at="2020-04-14T10:40:55Z">
          <reporter-output>
          </reporter-output>
        </test-method> <!-- search -->
        <test-method status="PASS" signature="tearDown()[pri:0, instance:com.training.sanity.tests.TC11@ea4a92b]" name="tearDown" is-config="true" duration-ms="15118" started-at="2020-04-14T10:40:56Z" finished-at="2020-04-14T10:41:11Z">
          <reporter-output>
          </reporter-output>
        </test-method> <!-- tearDown -->
      </class> <!-- com.training.sanity.tests.TC11 -->
    </test> <!-- Default test -->
  </suite> <!-- Default suite -->
</testng-results>
